<?xml version="1.0" encoding="UTF-8" ?>
<testsuite failures="0" time="0" errors="0" skipped="0" tests="0" name="com.demo.test.UserTest">
  <properties>
    <property name="java.runtime.name" value="Java(TM) SE Runtime Environment"/>
    <property name="sun.boot.library.path" value="C:\Program Files\Java\jdk1.7.0_55\jre\bin"/>
    <property name="java.vm.version" value="24.55-b03"/>
    <property name="java.vm.vendor" value="Oracle Corporation"/>
    <property name="java.vendor.url" value="http://java.oracle.com/"/>
    <property name="path.separator" value=";"/>
    <property name="java.vm.name" value="Java HotSpot(TM) 64-Bit Server VM"/>
    <property name="file.encoding.pkg" value="sun.io"/>
    <property name="user.script" value=""/>
    <property name="user.country" value="CN"/>
    <property name="sun.java.launcher" value="SUN_STANDARD"/>
    <property name="sun.os.patch.level" value=""/>
    <property name="java.vm.specification.name" value="Java Virtual Machine Specification"/>
    <property name="user.dir" value="D:\aaronpromaven\springmvc"/>
    <property name="java.runtime.version" value="1.7.0_55-b13"/>
    <property name="java.awt.graphicsenv" value="sun.awt.Win32GraphicsEnvironment"/>
    <property name="basedir" value="D:\aaronpromaven\springmvc"/>
    <property name="java.endorsed.dirs" value="C:\Program Files\Java\jdk1.7.0_55\jre\lib\endorsed"/>
    <property name="os.arch" value="amd64"/>
    <property name="surefire.real.class.path" value="D:\aaronpromaven\springmvc\target\surefire\surefirebooter5512267902324596171.jar"/>
    <property name="java.io.tmpdir" value="C:\Users\ADMINI~1\AppData\Local\Temp\"/>
    <property name="line.separator" value="
"/>
    <property name="java.vm.specification.vendor" value="Oracle Corporation"/>
    <property name="user.variant" value=""/>
    <property name="os.name" value="Windows 8.1"/>
    <property name="sun.jnu.encoding" value="GBK"/>
    <property name="java.library.path" value="C:\Program Files\Java\jdk1.7.0_55\jre\bin;C:\Windows\Sun\Java\bin;C:\Windows\system32;C:\Windows;C:/Program Files/Java/jdk1.7.0_55/BIN/../jre/bin/server;C:/Program Files/Java/jdk1.7.0_55/BIN/../jre/bin;C:/Program Files/Java/jdk1.7.0_55/BIN/../jre/lib/amd64;%M2_HOME%\BIN;C:\Program Files\Java\jdk1.7.0_55\BIN;SYSTEMROOT%\SYSTEM32;C:\Windows;C:\Windows\SYSTEM32\WBEM;C:\Windows\SYSTEM32\WINDOWSPOWERSHELL\V1.0\;c:\windows\system32;%CATALINA_HOME%\lib;%CATALINA_HOME%\bin;C:\Program Files\TortoiseSVN\bin;D:\Server\maven\bin;C:\Program Files\svn\bin;.;C:\Program Files\Java\jdk1.7.0_55\lib;C:\Program Files\Java\jdk1.7.0_55\lib\tools.jar;D:\oracleClient;D:\OpenVPN\bin;D:\mysql-5.5.22\bin;;D:\eclipse;;."/>
    <property name="surefire.test.class.path" value="D:\aaronpromaven\springmvc\target\test-classes;D:\aaronpromaven\springmvc\target\classes;D:\JAVA\maven\Repository\org\springframework\spring-test\4.0.6.RELEASE\spring-test-4.0.6.RELEASE.jar;D:\JAVA\maven\Repository\org\springframework\spring-core\4.0.6.RELEASE\spring-core-4.0.6.RELEASE.jar;D:\JAVA\maven\Repository\commons-logging\commons-logging\1.1.3\commons-logging-1.1.3.jar;D:\JAVA\maven\Repository\org\springframework\spring-web\4.0.6.RELEASE\spring-web-4.0.6.RELEASE.jar;D:\JAVA\maven\Repository\org\springframework\spring-beans\4.0.6.RELEASE\spring-beans-4.0.6.RELEASE.jar;D:\JAVA\maven\Repository\org\springframework\spring-oxm\4.0.6.RELEASE\spring-oxm-4.0.6.RELEASE.jar;D:\JAVA\maven\Repository\org\springframework\spring-tx\4.0.6.RELEASE\spring-tx-4.0.6.RELEASE.jar;D:\JAVA\maven\Repository\org\springframework\spring-jdbc\4.0.6.RELEASE\spring-jdbc-4.0.6.RELEASE.jar;D:\JAVA\maven\Repository\org\springframework\spring-webmvc\4.0.6.RELEASE\spring-webmvc-4.0.6.RELEASE.jar;D:\JAVA\maven\Repository\org\springframework\spring-expression\4.0.6.RELEASE\spring-expression-4.0.6.RELEASE.jar;D:\JAVA\maven\Repository\org\springframework\spring-aop\4.0.6.RELEASE\spring-aop-4.0.6.RELEASE.jar;D:\JAVA\maven\Repository\aopalliance\aopalliance\1.0\aopalliance-1.0.jar;D:\JAVA\maven\Repository\org\springframework\spring-context\4.0.6.RELEASE\spring-context-4.0.6.RELEASE.jar;D:\JAVA\maven\Repository\org\mybatis\mybatis\3.2.7\mybatis-3.2.7.jar;D:\JAVA\maven\Repository\org\mybatis\mybatis-spring\1.2.2\mybatis-spring-1.2.2.jar;D:\JAVA\maven\Repository\mysql\mysql-connector-java\5.1.31\mysql-connector-java-5.1.31.jar;D:\JAVA\maven\Repository\org\apache\commons\commons-dbcp2\2.0.1\commons-dbcp2-2.0.1.jar;D:\JAVA\maven\Repository\org\apache\commons\commons-pool2\2.2\commons-pool2-2.2.jar;D:\JAVA\maven\Repository\org\codehaus\jackson\jackson-mapper-asl\1.9.13\jackson-mapper-asl-1.9.13.jar;D:\JAVA\maven\Repository\org\codehaus\jackson\jackson-core-asl\1.9.13\jackson-core-asl-1.9.13.jar;D:\JAVA\maven\Repository\net\sf\json-lib\json-lib\2.4\json-lib-2.4-jdk15.jar;D:\JAVA\maven\Repository\commons-collections\commons-collections\3.2.1\commons-collections-3.2.1.jar;D:\JAVA\maven\Repository\commons-beanutils\commons-beanutils\1.9.2\commons-beanutils-1.9.2.jar;D:\JAVA\maven\Repository\commons-lang\commons-lang\2.6\commons-lang-2.6.jar;D:\JAVA\maven\Repository\net\sf\ezmorph\ezmorph\1.0.6\ezmorph-1.0.6.jar;D:\JAVA\maven\Repository\log4j\log4j\1.2.17\log4j-1.2.17.jar;D:\JAVA\maven\Repository\org\slf4j\slf4j-api\1.7.7\slf4j-api-1.7.7.jar;D:\JAVA\maven\Repository\org\slf4j\jcl-over-slf4j\1.7.7\jcl-over-slf4j-1.7.7.jar;D:\JAVA\maven\Repository\ch\qos\logback\logback-classic\1.1.2\logback-classic-1.1.2.jar;D:\JAVA\maven\Repository\ch\qos\logback\logback-core\1.1.2\logback-core-1.1.2.jar;D:\JAVA\maven\Repository\org\logback-extensions\logback-ext-spring\0.1.1\logback-ext-spring-0.1.1.jar;D:\JAVA\maven\Repository\javax\servlet\javax.servlet-api\3.0.1\javax.servlet-api-3.0.1.jar;D:\JAVA\maven\Repository\javax\servlet\jsp\jsp-api\2.1\jsp-api-2.1.jar;D:\JAVA\maven\Repository\javax\servlet\jstl\1.2\jstl-1.2.jar;"/>
    <property name="java.specification.name" value="Java Platform API Specification"/>
    <property name="java.class.version" value="51.0"/>
    <property name="sun.management.compiler" value="HotSpot 64-Bit Tiered Compilers"/>
    <property name="os.version" value="6.3"/>
    <property name="user.home" value="C:\Users\Administrator"/>
    <property name="user.timezone" value=""/>
    <property name="java.awt.printerjob" value="sun.awt.windows.WPrinterJob"/>
    <property name="java.specification.version" value="1.7"/>
    <property name="file.encoding" value="GBK"/>
    <property name="user.name" value="Administrator"/>
    <property name="java.class.path" value="D:\aaronpromaven\springmvc\target\test-classes;D:\aaronpromaven\springmvc\target\classes;D:\JAVA\maven\Repository\org\springframework\spring-test\4.0.6.RELEASE\spring-test-4.0.6.RELEASE.jar;D:\JAVA\maven\Repository\org\springframework\spring-core\4.0.6.RELEASE\spring-core-4.0.6.RELEASE.jar;D:\JAVA\maven\Repository\commons-logging\commons-logging\1.1.3\commons-logging-1.1.3.jar;D:\JAVA\maven\Repository\org\springframework\spring-web\4.0.6.RELEASE\spring-web-4.0.6.RELEASE.jar;D:\JAVA\maven\Repository\org\springframework\spring-beans\4.0.6.RELEASE\spring-beans-4.0.6.RELEASE.jar;D:\JAVA\maven\Repository\org\springframework\spring-oxm\4.0.6.RELEASE\spring-oxm-4.0.6.RELEASE.jar;D:\JAVA\maven\Repository\org\springframework\spring-tx\4.0.6.RELEASE\spring-tx-4.0.6.RELEASE.jar;D:\JAVA\maven\Repository\org\springframework\spring-jdbc\4.0.6.RELEASE\spring-jdbc-4.0.6.RELEASE.jar;D:\JAVA\maven\Repository\org\springframework\spring-webmvc\4.0.6.RELEASE\spring-webmvc-4.0.6.RELEASE.jar;D:\JAVA\maven\Repository\org\springframework\spring-expression\4.0.6.RELEASE\spring-expression-4.0.6.RELEASE.jar;D:\JAVA\maven\Repository\org\springframework\spring-aop\4.0.6.RELEASE\spring-aop-4.0.6.RELEASE.jar;D:\JAVA\maven\Repository\aopalliance\aopalliance\1.0\aopalliance-1.0.jar;D:\JAVA\maven\Repository\org\springframework\spring-context\4.0.6.RELEASE\spring-context-4.0.6.RELEASE.jar;D:\JAVA\maven\Repository\org\mybatis\mybatis\3.2.7\mybatis-3.2.7.jar;D:\JAVA\maven\Repository\org\mybatis\mybatis-spring\1.2.2\mybatis-spring-1.2.2.jar;D:\JAVA\maven\Repository\mysql\mysql-connector-java\5.1.31\mysql-connector-java-5.1.31.jar;D:\JAVA\maven\Repository\org\apache\commons\commons-dbcp2\2.0.1\commons-dbcp2-2.0.1.jar;D:\JAVA\maven\Repository\org\apache\commons\commons-pool2\2.2\commons-pool2-2.2.jar;D:\JAVA\maven\Repository\org\codehaus\jackson\jackson-mapper-asl\1.9.13\jackson-mapper-asl-1.9.13.jar;D:\JAVA\maven\Repository\org\codehaus\jackson\jackson-core-asl\1.9.13\jackson-core-asl-1.9.13.jar;D:\JAVA\maven\Repository\net\sf\json-lib\json-lib\2.4\json-lib-2.4-jdk15.jar;D:\JAVA\maven\Repository\commons-collections\commons-collections\3.2.1\commons-collections-3.2.1.jar;D:\JAVA\maven\Repository\commons-beanutils\commons-beanutils\1.9.2\commons-beanutils-1.9.2.jar;D:\JAVA\maven\Repository\commons-lang\commons-lang\2.6\commons-lang-2.6.jar;D:\JAVA\maven\Repository\net\sf\ezmorph\ezmorph\1.0.6\ezmorph-1.0.6.jar;D:\JAVA\maven\Repository\log4j\log4j\1.2.17\log4j-1.2.17.jar;D:\JAVA\maven\Repository\org\slf4j\slf4j-api\1.7.7\slf4j-api-1.7.7.jar;D:\JAVA\maven\Repository\org\slf4j\jcl-over-slf4j\1.7.7\jcl-over-slf4j-1.7.7.jar;D:\JAVA\maven\Repository\ch\qos\logback\logback-classic\1.1.2\logback-classic-1.1.2.jar;D:\JAVA\maven\Repository\ch\qos\logback\logback-core\1.1.2\logback-core-1.1.2.jar;D:\JAVA\maven\Repository\org\logback-extensions\logback-ext-spring\0.1.1\logback-ext-spring-0.1.1.jar;D:\JAVA\maven\Repository\javax\servlet\javax.servlet-api\3.0.1\javax.servlet-api-3.0.1.jar;D:\JAVA\maven\Repository\javax\servlet\jsp\jsp-api\2.1\jsp-api-2.1.jar;D:\JAVA\maven\Repository\javax\servlet\jstl\1.2\jstl-1.2.jar;"/>
    <property name="java.vm.specification.version" value="1.7"/>
    <property name="sun.arch.data.model" value="64"/>
    <property name="java.home" value="C:\Program Files\Java\jdk1.7.0_55\jre"/>
    <property name="sun.java.command" value="D:\aaronpromaven\springmvc\target\surefire\surefirebooter5512267902324596171.jar D:\aaronpromaven\springmvc\target\surefire\surefire4458478231119210663tmp D:\aaronpromaven\springmvc\target\surefire\surefire3073599073882785764tmp"/>
    <property name="java.specification.vendor" value="Oracle Corporation"/>
    <property name="user.language" value="zh"/>
    <property name="awt.toolkit" value="sun.awt.windows.WToolkit"/>
    <property name="java.vm.info" value="mixed mode"/>
    <property name="java.version" value="1.7.0_55"/>
    <property name="java.ext.dirs" value="C:\Program Files\Java\jdk1.7.0_55\jre\lib\ext;C:\Windows\Sun\Java\lib\ext"/>
    <property name="sun.boot.class.path" value="C:\Program Files\Java\jdk1.7.0_55\jre\lib\resources.jar;C:\Program Files\Java\jdk1.7.0_55\jre\lib\rt.jar;C:\Program Files\Java\jdk1.7.0_55\jre\lib\sunrsasign.jar;C:\Program Files\Java\jdk1.7.0_55\jre\lib\jsse.jar;C:\Program Files\Java\jdk1.7.0_55\jre\lib\jce.jar;C:\Program Files\Java\jdk1.7.0_55\jre\lib\charsets.jar;C:\Program Files\Java\jdk1.7.0_55\jre\lib\jfr.jar;C:\Program Files\Java\jdk1.7.0_55\jre\classes"/>
    <property name="java.vendor" value="Oracle Corporation"/>
    <property name="localRepository" value="D:\JAVA\maven\Repository"/>
    <property name="file.separator" value="\"/>
    <property name="java.vendor.url.bug" value="http://bugreport.sun.com/bugreport/"/>
    <property name="sun.cpu.endian" value="little"/>
    <property name="sun.io.unicode.encoding" value="UnicodeLittle"/>
    <property name="sun.desktop" value="windows"/>
    <property name="sun.cpu.isalist" value="amd64"/>
  </properties>
</testsuite>